# JRE version: Java(TM) SE Runtime Environment (8.0_144-b01) (build 1.8.0_144-b01)
# Java VM: Java HotSpot(TM) 64-Bit Server VM (25.144-b01 mixed mode bsd-amd64 compressed oops)
Heap:
 PSYoungGen      total 97280K, used 10736K [0x0000000795580000, 0x000000079dc00000, 0x00000007c0000000)
  eden space 86528K, 0% used [0x0000000795580000,0x0000000795580000,0x000000079aa00000)
  from space 10752K, 99% used [0x000000079aa00000,0x000000079b47c330,0x000000079b480000)
  to   space 12800K, 0% used [0x000000079cf80000,0x000000079cf80000,0x000000079dc00000)
 ParOldGen       total 67072K, used 10884K [0x0000000740000000, 0x0000000744180000, 0x0000000795580000)
  object space 67072K, 16% used [0x0000000740000000,0x0000000740aa1170,0x0000000744180000)
 Metaspace       used 34623K, capacity 35324K, committed 35496K, reserved 1079296K
  class space    used 4828K, capacity 5011K, committed 5032K, reserved 1048576K
GC Heap History (10 events):
Event: 59.779 GC heap after
Heap after GC invocations=4 (full 0):
 PSYoungGen      total 71680K, used 5104K [0x0000000795580000, 0x000000079a080000, 0x00000007c0000000)
  eden space 66560K, 0% used [0x0000000795580000,0x0000000795580000,0x0000000799680000)
  from space 5120K, 99% used [0x0000000799b80000,0x000000079a07c030,0x000000079a080000)
  to   space 5120K, 0% used [0x0000000799680000,0x0000000799680000,0x0000000799b80000)
 ParOldGen       total 87552K, used 6748K [0x0000000740000000, 0x0000000745580000, 0x0000000795580000)
  object space 87552K, 7% used [0x0000000740000000,0x0000000740697340,0x0000000745580000)
 Metaspace       used 20906K, capacity 21228K, committed 21296K, reserved 1067008K
  class space    used 2811K, capacity 2932K, committed 2944K, reserved 1048576K
}
Event: 59.779 GC heap before
{Heap before GC invocations=5 (full 1):
 PSYoungGen      total 71680K, used 5104K [0x0000000795580000, 0x000000079a080000, 0x00000007c0000000)
  eden space 66560K, 0% used [0x0000000795580000,0x0000000795580000,0x0000000799680000)
  from space 5120K, 99% used [0x0000000799b80000,0x000000079a07c030,0x000000079a080000)
  to   space 5120K, 0% used [0x0000000799680000,0x0000000799680000,0x0000000799b80000)
 ParOldGen       total 87552K, used 6748K [0x0000000740000000, 0x0000000745580000, 0x0000000795580000)
  object space 87552K, 7% used [0x0000000740000000,0x0000000740697340,0x0000000745580000)
 Metaspace       used 20906K, capacity 21228K, committed 21296K, reserved 1067008K
  class space    used 2811K, capacity 2932K, committed 2944K, reserved 1048576K
Event: 61.245 GC heap after
Heap after GC invocations=5 (full 1):
 PSYoungGen      total 71680K, used 0K [0x0000000795580000, 0x000000079a080000, 0x00000007c0000000)
  eden space 66560K, 0% used [0x0000000795580000,0x0000000795580000,0x0000000799680000)
  from space 5120K, 0% used [0x0000000799b80000,0x0000000799b80000,0x000000079a080000)
  to   space 5120K, 0% used [0x0000000799680000,0x0000000799680000,0x0000000799b80000)
 ParOldGen       total 67072K, used 7756K [0x0000000740000000, 0x0000000744180000, 0x0000000795580000)
  object space 67072K, 11% used [0x0000000740000000,0x0000000740793280,0x0000000744180000)
 Metaspace       used 20906K, capacity 21228K, committed 21296K, reserved 1067008K
  class space    used 2811K, capacity 2932K, committed 2944K, reserved 1048576K
}
Event: 75.650 GC heap before
{Heap before GC invocations=6 (full 1):
 PSYoungGen      total 71680K, used 66560K [0x0000000795580000, 0x000000079a080000, 0x00000007c0000000)
  eden space 66560K, 100% used [0x0000000795580000,0x0000000799680000,0x0000000799680000)
  from space 5120K, 0% used [0x0000000799b80000,0x0000000799b80000,0x000000079a080000)
  to   space 5120K, 0% used [0x0000000799680000,0x0000000799680000,0x0000000799b80000)
 ParOldGen       total 67072K, used 7756K [0x0000000740000000, 0x0000000744180000, 0x0000000795580000)
  object space 67072K, 11% used [0x0000000740000000,0x0000000740793280,0x0000000744180000)
 Metaspace       used 25846K, capacity 26240K, committed 26368K, reserved 1071104K
  class space    used 3657K, capacity 3745K, committed 3840K, reserved 1048576K
Event: 75.692 GC heap after
Heap after GC invocations=6 (full 1):
 PSYoungGen      total 71680K, used 5090K [0x0000000795580000, 0x000000079be00000, 0x00000007c0000000)
  eden space 66560K, 0% used [0x0000000795580000,0x0000000795580000,0x0000000799680000)
  from space 5120K, 99% used [0x0000000799680000,0x0000000799b78888,0x0000000799b80000)
  to   space 9728K, 0% used [0x000000079b480000,0x000000079b480000,0x000000079be00000)
 ParOldGen       total 67072K, used 9761K [0x0000000740000000, 0x0000000744180000, 0x0000000795580000)
  object space 67072K, 14% used [0x0000000740000000,0x0000000740988598,0x0000000744180000)
 Metaspace       used 25846K, capacity 26240K, committed 26368K, reserved 1071104K
  class space    used 3657K, capacity 3745K, committed 3840K, reserved 1048576K
}
Event: 98.896 GC heap before
{Heap before GC invocations=7 (full 1):
 PSYoungGen      total 71680K, used 71650K [0x0000000795580000, 0x000000079be00000, 0x00000007c0000000)
  eden space 66560K, 100% used [0x0000000795580000,0x0000000799680000,0x0000000799680000)
  from space 5120K, 99% used [0x0000000799680000,0x0000000799b78888,0x0000000799b80000)
  to   space 9728K, 0% used [0x000000079b480000,0x000000079b480000,0x000000079be00000)
 ParOldGen       total 67072K, used 9761K [0x0000000740000000, 0x0000000744180000, 0x0000000795580000)
  object space 67072K, 14% used [0x0000000740000000,0x0000000740988598,0x0000000744180000)
 Metaspace       used 31316K, capacity 31900K, committed 32256K, reserved 1077248K
  class space    used 4389K, capacity 4555K, committed 4608K, reserved 1048576K
Event: 99.053 GC heap after
Heap after GC invocations=7 (full 1):
 PSYoungGen      total 96256K, used 9394K [0x0000000795580000, 0x000000079bf00000, 0x00000007c0000000)
  eden space 86528K, 0% used [0x0000000795580000,0x0000000795580000,0x000000079aa00000)
  from space 9728K, 96% used [0x000000079b480000,0x000000079bdac998,0x000000079be00000)
  to   space 10752K, 0% used [0x000000079aa00000,0x000000079aa00000,0x000000079b480000)
 ParOldGen       total 67072K, used 9769K [0x0000000740000000, 0x0000000744180000, 0x0000000795580000)
  object space 67072K, 14% used [0x0000000740000000,0x000000074098a598,0x0000000744180000)
 Metaspace       used 31316K, capacity 31900K, committed 32256K, reserved 1077248K
  class space    used 4389K, capacity 4555K, committed 4608K, reserved 1048576K
}
Event: 108.743 GC heap before
{Heap before GC invocations=8 (full 1):
 PSYoungGen      total 96256K, used 79066K [0x0000000795580000, 0x000000079bf00000, 0x00000007c0000000)
  eden space 86528K, 80% used [0x0000000795580000,0x000000079998a040,0x000000079aa00000)
  from space 9728K, 96% used [0x000000079b480000,0x000000079bdac998,0x000000079be00000)
  to   space 10752K, 0% used [0x000000079aa00000,0x000000079aa00000,0x000000079b480000)
 ParOldGen       total 67072K, used 9769K [0x0000000740000000, 0x0000000744180000, 0x0000000795580000)
  object space 67072K, 14% used [0x0000000740000000,0x000000074098a598,0x0000000744180000)
 Metaspace       used 34623K, capacity 35324K, committed 35496K, reserved 1079296K
  class space    used 4828K, capacity 5011K, committed 5032K, reserved 1048576K
Event: 108.838 GC heap after
Heap after GC invocations=8 (full 1):
 PSYoungGen      total 97280K, used 10736K [0x0000000795580000, 0x000000079dc00000, 0x00000007c0000000)
  eden space 86528K, 0% used [0x0000000795580000,0x0000000795580000,0x000000079aa00000)
  from space 10752K, 99% used [0x000000079aa00000,0x000000079b47c330,0x000000079b480000)
  to   space 12800K, 0% used [0x000000079cf80000,0x000000079cf80000,0x000000079dc00000)
 ParOldGen       total 67072K, used 10884K [0x0000000740000000, 0x0000000744180000, 0x0000000795580000)
  object space 67072K, 16% used [0x0000000740000000,0x0000000740aa1170,0x0000000744180000)
 Metaspace       used 34623K, capacity 35324K, committed 35496K, reserved 1079296K
  class space    used 4828K, capacity 5011K, committed 5032K, reserved 1048576K
}
Event: 108.838 GC heap before
{Heap before GC invocations=9 (full 2):
 PSYoungGen      total 97280K, used 10736K [0x0000000795580000, 0x000000079dc00000, 0x00000007c0000000)
  eden space 86528K, 0% used [0x0000000795580000,0x0000000795580000,0x000000079aa00000)
  from space 10752K, 99% used [0x000000079aa00000,0x000000079b47c330,0x000000079b480000)
  to   space 12800K, 0% used [0x000000079cf80000,0x000000079cf80000,0x000000079dc00000)
 ParOldGen       total 67072K, used 10884K [0x0000000740000000, 0x0000000744180000, 0x0000000795580000)
  object space 67072K, 16% used [0x0000000740000000,0x0000000740aa1170,0x0000000744180000)
 Metaspace       used 34623K, capacity 35324K, committed 35496K, reserved 1079296K
  class space    used 4828K, capacity 5011K, committed 5032K, reserved 1048576K

