# JRE version: Java(TM) SE Runtime Environment (8.0_144-b01) (build 1.8.0_144-b01)
# Java VM: Java HotSpot(TM) 64-Bit Server VM (25.144-b01 mixed mode bsd-amd64 compressed oops)
Heap:
 PSYoungGen      total 45568K, used 24843K [0x0000000795580000, 0x0000000798c80000, 0x00000007c0000000)
  eden space 36864K, 56% used [0x0000000795580000,0x00000007969b4048,0x0000000797980000)
  from space 8704K, 47% used [0x0000000798400000,0x000000079880ebf0,0x0000000798c80000)
  to   space 9728K, 0% used [0x0000000797980000,0x0000000797980000,0x0000000798300000)
 ParOldGen       total 74752K, used 7825K [0x0000000740000000, 0x0000000744900000, 0x0000000795580000)
  object space 74752K, 10% used [0x0000000740000000,0x00000007407a4508,0x0000000744900000)
 Metaspace       used 27157K, capacity 27756K, committed 27904K, reserved 1073152K
  class space    used 3875K, capacity 4041K, committed 4096K, reserved 1048576K
GC Heap History (10 events):
Event: 53.260 GC heap before
{Heap before GC invocations=3 (full 0):
 PSYoungGen      total 38400K, used 38392K [0x0000000795580000, 0x0000000798000000, 0x00000007c0000000)
  eden space 33280K, 100% used [0x0000000795580000,0x0000000797600000,0x0000000797600000)
  from space 5120K, 99% used [0x0000000797b00000,0x0000000797ffe140,0x0000000798000000)
  to   space 5120K, 0% used [0x0000000797600000,0x0000000797600000,0x0000000797b00000)
 ParOldGen       total 87552K, used 666K [0x0000000740000000, 0x0000000745580000, 0x0000000795580000)
  object space 87552K, 0% used [0x0000000740000000,0x00000007400a6840,0x0000000745580000)
 Metaspace       used 16755K, capacity 17056K, committed 17152K, reserved 1064960K
  class space    used 2400K, capacity 2481K, committed 2560K, reserved 1048576K
Event: 53.318 GC heap after
Heap after GC invocations=3 (full 0):
 PSYoungGen      total 38400K, used 5120K [0x0000000795580000, 0x0000000798000000, 0x00000007c0000000)
  eden space 33280K, 0% used [0x0000000795580000,0x0000000795580000,0x0000000797600000)
  from space 5120K, 100% used [0x0000000797600000,0x0000000797b00000,0x0000000797b00000)
  to   space 5120K, 0% used [0x0000000797b00000,0x0000000797b00000,0x0000000798000000)
 ParOldGen       total 87552K, used 3885K [0x0000000740000000, 0x0000000745580000, 0x0000000795580000)
  object space 87552K, 4% used [0x0000000740000000,0x00000007403cb600,0x0000000745580000)
 Metaspace       used 16755K, capacity 17056K, committed 17152K, reserved 1064960K
  class space    used 2400K, capacity 2481K, committed 2560K, reserved 1048576K
}
Event: 58.919 GC heap before
{Heap before GC invocations=4 (full 0):
 PSYoungGen      total 38400K, used 25232K [0x0000000795580000, 0x0000000798000000, 0x00000007c0000000)
  eden space 33280K, 60% used [0x0000000795580000,0x0000000796924140,0x0000000797600000)
  from space 5120K, 100% used [0x0000000797600000,0x0000000797b00000,0x0000000797b00000)
  to   space 5120K, 0% used [0x0000000797b00000,0x0000000797b00000,0x0000000798000000)
 ParOldGen       total 87552K, used 3885K [0x0000000740000000, 0x0000000745580000, 0x0000000795580000)
  object space 87552K, 4% used [0x0000000740000000,0x00000007403cb600,0x0000000745580000)
 Metaspace       used 20891K, capacity 21228K, committed 21296K, reserved 1067008K
  class space    used 2818K, capacity 2932K, committed 2944K, reserved 1048576K
Event: 58.961 GC heap after
Heap after GC invocations=4 (full 0):
 PSYoungGen      total 38400K, used 5099K [0x0000000795580000, 0x0000000798000000, 0x00000007c0000000)
  eden space 33280K, 0% used [0x0000000795580000,0x0000000795580000,0x0000000797600000)
  from space 5120K, 99% used [0x0000000797b00000,0x0000000797ffac88,0x0000000798000000)
  to   space 5120K, 0% used [0x0000000797600000,0x0000000797600000,0x0000000797b00000)
 ParOldGen       total 87552K, used 6755K [0x0000000740000000, 0x0000000745580000, 0x0000000795580000)
  object space 87552K, 7% used [0x0000000740000000,0x0000000740698e40,0x0000000745580000)
 Metaspace       used 20891K, capacity 21228K, committed 21296K, reserved 1067008K
  class space    used 2818K, capacity 2932K, committed 2944K, reserved 1048576K
}
Event: 58.961 GC heap before
{Heap before GC invocations=5 (full 1):
 PSYoungGen      total 38400K, used 5099K [0x0000000795580000, 0x0000000798000000, 0x00000007c0000000)
  eden space 33280K, 0% used [0x0000000795580000,0x0000000795580000,0x0000000797600000)
  from space 5120K, 99% used [0x0000000797b00000,0x0000000797ffac88,0x0000000798000000)
  to   space 5120K, 0% used [0x0000000797600000,0x0000000797600000,0x0000000797b00000)
 ParOldGen       total 87552K, used 6755K [0x0000000740000000, 0x0000000745580000, 0x0000000795580000)
  object space 87552K, 7% used [0x0000000740000000,0x0000000740698e40,0x0000000745580000)
 Metaspace       used 20891K, capacity 21228K, committed 21296K, reserved 1067008K
  class space    used 2818K, capacity 2932K, committed 2944K, reserved 1048576K
Event: 60.539 GC heap after
Heap after GC invocations=5 (full 1):
 PSYoungGen      total 38400K, used 0K [0x0000000795580000, 0x0000000798000000, 0x00000007c0000000)
  eden space 33280K, 0% used [0x0000000795580000,0x0000000795580000,0x0000000797600000)
  from space 5120K, 0% used [0x0000000797b00000,0x0000000797b00000,0x0000000798000000)
  to   space 5120K, 0% used [0x0000000797600000,0x0000000797600000,0x0000000797b00000)
 ParOldGen       total 74752K, used 7817K [0x0000000740000000, 0x0000000744900000, 0x0000000795580000)
  object space 74752K, 10% used [0x0000000740000000,0x00000007407a2508,0x0000000744900000)
 Metaspace       used 20891K, capacity 21228K, committed 21296K, reserved 1067008K
  class space    used 2818K, capacity 2932K, committed 2944K, reserved 1048576K
}
Event: 68.481 GC heap before
{Heap before GC invocations=6 (full 1):
 PSYoungGen      total 38400K, used 33280K [0x0000000795580000, 0x0000000798000000, 0x00000007c0000000)
  eden space 33280K, 100% used [0x0000000795580000,0x0000000797600000,0x0000000797600000)
  from space 5120K, 0% used [0x0000000797b00000,0x0000000797b00000,0x0000000798000000)
  to   space 5120K, 0% used [0x0000000797600000,0x0000000797600000,0x0000000797b00000)
 ParOldGen       total 74752K, used 7817K [0x0000000740000000, 0x0000000744900000, 0x0000000795580000)
  object space 74752K, 10% used [0x0000000740000000,0x00000007407a2508,0x0000000744900000)
 Metaspace       used 24004K, capacity 24270K, committed 24448K, reserved 1071104K
  class space    used 3345K, capacity 3453K, committed 3456K, reserved 1048576K
Event: 68.502 GC heap after
Heap after GC invocations=6 (full 1):
 PSYoungGen      total 38400K, used 4271K [0x0000000795580000, 0x0000000798e00000, 0x00000007c0000000)
  eden space 33280K, 0% used [0x0000000795580000,0x0000000795580000,0x0000000797600000)
  from space 5120K, 83% used [0x0000000797600000,0x0000000797a2bd18,0x0000000797b00000)
  to   space 10240K, 0% used [0x0000000798400000,0x0000000798400000,0x0000000798e00000)
 ParOldGen       total 74752K, used 7825K [0x0000000740000000, 0x0000000744900000, 0x0000000795580000)
  object space 74752K, 10% used [0x0000000740000000,0x00000007407a4508,0x0000000744900000)
 Metaspace       used 24004K, capacity 24270K, committed 24448K, reserved 1071104K
  class space    used 3345K, capacity 3453K, committed 3456K, reserved 1048576K
}
Event: 82.215 GC heap before
{Heap before GC invocations=7 (full 1):
 PSYoungGen      total 38400K, used 37551K [0x0000000795580000, 0x0000000798e00000, 0x00000007c0000000)
  eden space 33280K, 100% used [0x0000000795580000,0x0000000797600000,0x0000000797600000)
  from space 5120K, 83% used [0x0000000797600000,0x0000000797a2bd18,0x0000000797b00000)
  to   space 10240K, 0% used [0x0000000798400000,0x0000000798400000,0x0000000798e00000)
 ParOldGen       total 74752K, used 7825K [0x0000000740000000, 0x0000000744900000, 0x0000000795580000)
  object space 74752K, 10% used [0x0000000740000000,0x00000007407a4508,0x0000000744900000)
 Metaspace       used 25904K, capacity 26336K, committed 26496K, reserved 1071104K
  class space    used 3686K, capacity 3841K, committed 3968K, reserved 1048576K
Event: 82.226 GC heap after
Heap after GC invocations=7 (full 1):
 PSYoungGen      total 45568K, used 4154K [0x0000000795580000, 0x0000000798c80000, 0x00000007c0000000)
  eden space 36864K, 0% used [0x0000000795580000,0x0000000795580000,0x0000000797980000)
  from space 8704K, 47% used [0x0000000798400000,0x000000079880ebf0,0x0000000798c80000)
  to   space 9728K, 0% used [0x0000000797980000,0x0000000797980000,0x0000000798300000)
 ParOldGen       total 74752K, used 7825K [0x0000000740000000, 0x0000000744900000, 0x0000000795580000)
  object space 74752K, 10% used [0x0000000740000000,0x00000007407a4508,0x0000000744900000)
 Metaspace       used 25904K, capacity 26336K, committed 26496K, reserved 1071104K
  class space    used 3686K, capacity 3841K, committed 3968K, reserved 1048576K
}

